<?xml version="1.0" encoding="UTF-8"?>
<testsuite name="SolutionTest" tests="3" skipped="0" failures="0" errors="0" timestamp="2023-07-07T10:18:11" hostname="LAPTOP-QFKFOA9I" time="0.023">
  <properties/>
  <testcase name="countLines()" classname="SolutionTest" time="0.02"/>
  <testcase name="readArraysFromFile()" classname="SolutionTest" time="0.002"/>
  <testcase name="solution()" classname="SolutionTest" time="0.0"/>
  <system-out><![CDATA[]]></system-out>
  <system-err><![CDATA[]]></system-err>
</testsuite>
